<?xml version="1.0" encoding="UTF-8"?>
<!-- Generated by org.testng.reporters.JUnitReportReporter -->
<testsuite hostname="Mustafizurs-MacBook-Air.local" failures="0" tests="2" name="com.careerhack.runners.TestRunner" time="0.272" errors="0" timestamp="10 Jul 2022 17:28:33 GMT" skipped="0">
  <testcase classname="com.careerhack.runners.TestRunner" name="runScenario" time="0.014"/>
  <testcase classname="com.careerhack.runners.TestRunner" name="runScenario" time="0.258"/>
</testsuite> <!-- com.careerhack.runners.TestRunner -->
